#
# A fatal error has been detected by the Java Runtime Environment:
#
#  EXCEPTION_ACCESS_VIOLATION (0xc0000005) at pc=0x00007ffd9591d623, pid=3352, tid=10028
#
# JRE version: OpenJDK Runtime Environment Temurin-17.0.9+9 (17.0.9+9) (build 17.0.9+9)
# Java VM: OpenJDK 64-Bit Server VM Temurin-17.0.9+9 (17.0.9+9, mixed mode, tiered, compressed oops, compressed class ptrs, parallel gc, windows-amd64)
# Problematic frame:
# V  [jvm.dll+0x2cd623]
#
# No core dump will be written. Minidumps are not enabled by default on client versions of Windows
#
# If you would like to submit a bug report, please visit:
#   https://github.com/adoptium/adoptium-support/issues
#

---------------  S U M M A R Y ------------

Command Line: --add-modules=ALL-SYSTEM --add-opens=java.base/java.util=ALL-UNNAMED --add-opens=java.base/java.lang=ALL-UNNAMED --add-opens=java.base/sun.nio.fs=ALL-UNNAMED -Declipse.application=org.eclipse.jdt.ls.core.id1 -Dosgi.bundles.defaultStartLevel=4 -Declipse.product=org.eclipse.jdt.ls.core.product -Djava.import.generatesMetadataFilesAtProjectRoot=false -DDetectVMInstallationsJob.disabled=true -Dfile.encoding=utf8 -XX:+UseParallelGC -XX:GCTimeRatio=4 -XX:AdaptiveSizePolicyWeight=90 -Dsun.zip.disableMemoryMapping=true -Xmx1G -Xms100m -Xlog:disable -javaagent:c:\Users\Admin\.vscode\extensions\redhat.java-1.25.0-win32-x64\lombok\lombok-1.18.30.jar -XX:+HeapDumpOnOutOfMemoryError -XX:HeapDumpPath=c:\Users\Admin\AppData\Roaming\Code\User\workspaceStorage\d1f67dd4b17d30c12c4695da066b239a\redhat.java -Daether.dependencyCollector.impl=bf c:\Users\Admin\.vscode\extensions\redhat.java-1.25.0-win32-x64\server\plugins\org.eclipse.equinox.launcher_1.6.600.v20231012-1237.jar -configuration c:\Users\Admin\AppData\Roaming\Code\User\globalStorage\redhat.java\1.25.0\config_win -data c:\Users\Admin\AppData\Roaming\Code\User\workspaceStorage\d1f67dd4b17d30c12c4695da066b239a\redhat.java\jdt_ws --stdio

Host: Intel(R) Core(TM) i3-7100U CPU @ 2.40GHz, 4 cores, 3G,  Windows 10 , 64 bit Build 19041 (10.0.19041.3636)
Time: Mon Dec  4 13:49:41 2023 India Standard Time elapsed time: 45.557192 seconds (0d 0h 0m 45s)

---------------  T H R E A D  ---------------

Current thread (0x00000168c5053f80):  VMThread "VM Thread" [stack: 0x000000421a300000,0x000000421a400000] [id=10028] _threads_hazard_ptr=0x00000168e0abf1d0

Stack: [0x000000421a300000,0x000000421a400000],  sp=0x000000421a3fde00,  free space=1015k
Native frames: (J=compiled Java code, j=interpreted, Vv=VM code, C=native code)
V  [jvm.dll+0x2cd623]
V  [jvm.dll+0x2cd3e5]
V  [jvm.dll+0x7e542e]
V  [jvm.dll+0x34eb19]
V  [jvm.dll+0x3505c8]
V  [jvm.dll+0x34eef0]
V  [jvm.dll+0x83adab]
V  [jvm.dll+0x83baf1]
V  [jvm.dll+0x83c03c]
V  [jvm.dll+0x83c3e4]
V  [jvm.dll+0x83c4b0]
V  [jvm.dll+0x7e3c3a]
V  [jvm.dll+0x67be35]
C  [ucrtbase.dll+0x21bb2]
C  [KERNEL32.DLL+0x17344]
C  [ntdll.dll+0x526b1]


siginfo: EXCEPTION_ACCESS_VIOLATION (0xc0000005), reading address 0x000000421cafd928


Registers:
RAX=0x000000421cafd8c0, RBX=0x000000421a3fdec0, RCX=0x000000000000000e, RDX=0x00000168cfa1e490
RSP=0x000000421a3fde00, RBP=0x000000421cafd930, RSI=0x000000421a3fdf20, RDI=0x000000421a3fdef0
R8 =0x000000421a3fdf20, R9 =0x00000168d6e30000, R10=0x00000168cf810000, R11=0x000000421a3ff0d0
R12=0x00007ffd95fb0468, R13=0x000000421cbf8f98, R14=0x0000000000000000, R15=0x00000168c5053f80
RIP=0x00007ffd9591d623, EFLAGS=0x0000000000010246


Register to memory mapping:

RIP=0x00007ffd9591d623 jvm.dll
RAX=0x000000421cafd8c0 is pointing into the stack for thread: 0x00000168df068f50
RBX=0x000000421a3fdec0 points into unknown readable memory: 0x000000421c9ff040 | 40 f0 9f 1c 42 00 00 00
RCX=0x000000000000000e is an unknown value
RDX=0x00000168cfa1e490 is at entry_point+-400 in (nmethod*)0x00000168cfa1e490
Compiled method (n/a)   45625 7769     n 0       sun.nio.fs.WindowsNativeDispatcher::FindFirstFile0 (native)
 total in heap  [0x00000168cfa1e490,0x00000168cfa1e848] = 952
 relocation     [0x00000168cfa1e5e8,0x00000168cfa1e618] = 48
 main code      [0x00000168cfa1e620,0x00000168cfa1e848] = 552
RSP=0x000000421a3fde00 points into unknown readable memory: 0x00000168df068f50 | 50 8f 06 df 68 01 00 00
RBP=0x000000421cafd930 is pointing into the stack for thread: 0x00000168df068f50
RSI=0x000000421a3fdf20 points into unknown readable memory: 0x000000421a3fdff0 | f0 df 3f 1a 42 00 00 00
RDI=0x000000421a3fdef0 points into unknown readable memory: 0x000000421cafd8c0 | c0 d8 af 1c 42 00 00 00
R8 =0x000000421a3fdf20 points into unknown readable memory: 0x000000421a3fdff0 | f0 df 3f 1a 42 00 00 00
R9 =0x00000168d6e30000 points into unknown readable memory: 0x0006050403020100 | 00 01 02 03 04 05 06 00
R10=0x00000168cf810000 points into unknown readable memory: 0x0000000000000007 | 07 00 00 00 00 00 00 00
R11=0x000000421a3ff0d0 points into unknown readable memory: 0x00000168c5053f80 | 80 3f 05 c5 68 01 00 00
R12=0x00007ffd95fb0468 jvm.dll
R13=0x000000421cbf8f98 is pointing into the stack for thread: 0x00000168df0670f0
R14=0x0 is NULL
R15=0x00000168c5053f80 points into unknown readable memory: 0x00007ffd9603d798 | 98 d7 03 96 fd 7f 00 00


Top of Stack: (sp=0x000000421a3fde00)
0x000000421a3fde00:   00000168df068f50 00007ffd95da47be
0x000000421a3fde10:   000000421a3fdf20 00000168c506b8a0
0x000000421a3fde20:   000000421a3fdf20 0000000000000000
0x000000421a3fde30:   000000421a3fdec0 00007ffd9591d3e5
0x000000421a3fde40:   000000421a3fdf70 0000000000000000
0x000000421a3fde50:   00000168c5053f80 000000421cafd8c0
0x000000421a3fde60:   000000421cbf8f98 00007ffd95e3542e
0x000000421a3fde70:   00000168df068f50 00007ffe0ea02e0b
0x000000421a3fde80:   000000421a3fdff0 00007ffe0e740fbb
0x000000421a3fde90:   000000421caff5e8 00000168cf271010
0x000000421a3fdea0:   00000168cf270e90 00007ffe00000000
0x000000421a3fdeb0:   000000421caff810 000000421caff630
0x000000421a3fdec0:   000000421c9ff040 00000168cf271010
0x000000421a3fded0:   00000168cf270e90 00007ffe00000000
0x000000421a3fdee0:   000000421c9ff250 000000421c9ff070
0x000000421a3fdef0:   000000421cafd8c0 00000168cfa1e675
0x000000421a3fdf00:   00000168cfa1e490 0000004200000000
0x000000421a3fdf10:   0000000000000000 000000421cafd8c0
0x000000421a3fdf20:   000000421a3fdff0 00007ffe0ea00d9e
0x000000421a3fdf30:   0000000000000000 000000421a3fe090
0x000000421a3fdf40:   000000421caff5d8 000000421caff5d8
0x000000421a3fdf50:   000000421a3fe010 0000000000000000
0x000000421a3fdf60:   0000000000000026 0000000000000002
0x000000421a3fdf70:   0000000000000000 00000000000007cf
0x000000421a3fdf80:   000000421a3fe580 00007ffe0ea00c4f
0x000000421a3fdf90:   0000000000000000 00007ffd95fec788
0x000000421a3fdfa0:   00007ffd95fec788 000000421a3fe090
0x000000421a3fdfb0:   000000421a3fe5bf 00000000000007cf
0x000000421a3fdfc0:   000000000000003f 0000000000000001
0x000000421a3fdfd0:   000000421a3fe5db 00007ffe0eadf0b0
0x000000421a3fdfe0:   00000168c34bec60 0000000000000000
0x000000421a3fdff0:   0000000000000026 00007ffe110607c0 

Instructions: (pc=0x00007ffd9591d623)
0x00007ffd9591d523:   48 8b 57 10 48 8b 07 48 89 03 48 89 43 28 48 89
0x00007ffd9591d533:   53 20 48 89 4b 08 e8 d2 71 f3 ff 48 8b cb 48 89
0x00007ffd9591d543:   43 10 e8 f6 f4 ff ff 48 85 c0 0f 84 66 ff ff ff
0x00007ffd9591d553:   48 89 43 08 b9 01 00 00 00 89 4b 18 48 8b c3 48
0x00007ffd9591d563:   83 c4 20 5f 5e 5b c3 48 8b 05 8f 41 8a 00 48 89
0x00007ffd9591d573:   6c 24 40 4c 89 74 24 48 48 85 c0 74 7e 48 8b 48
0x00007ffd9591d583:   08 48 8b 57 08 48 3b ca 77 71 48 63 40 14 48 03
0x00007ffd9591d593:   c1 48 3b d0 73 65 80 be 68 12 00 00 00 48 8b 47
0x00007ffd9591d5a3:   20 4c 8b 70 f8 48 8d 68 10 74 0f 48 8b d0 48 8b
0x00007ffd9591d5b3:   ce e8 37 01 00 00 48 8b 47 20 48 8b 48 08 48 8b
0x00007ffd9591d5c3:   00 48 89 43 20 48 89 2b 4c 89 73 28 48 89 4b 08
0x00007ffd9591d5d3:   e8 38 71 f3 ff 48 8b cb 48 89 43 10 e8 5c f4 ff
0x00007ffd9591d5e3:   ff 48 85 c0 0f 84 a7 00 00 00 b9 01 00 00 00 48
0x00007ffd9591d5f3:   89 43 08 89 4b 18 e9 c3 00 00 00 48 8b 57 10 48
0x00007ffd9591d603:   85 d2 0f 84 9f 00 00 00 80 be 68 12 00 00 00 48
0x00007ffd9591d613:   63 4a 1c 48 8b 47 28 48 8d 2c c8 4c 89 7c 24 50
0x00007ffd9591d623:   4c 8b 7d f8 74 2c 0f b6 42 58 88 86 58 12 00 00
0x00007ffd9591d633:   48 8b 47 10 48 83 78 50 00 74 0b 48 8b d6 48 8b
0x00007ffd9591d643:   cf e8 d7 d5 39 00 48 8d 55 f0 48 8b ce e8 9b 00
0x00007ffd9591d653:   00 00 48 8b 45 f0 49 8b cf 48 89 43 20 48 89 2b
0x00007ffd9591d663:   48 89 6b 28 4c 89 7b 08 e8 a0 70 f3 ff 48 8b cb
0x00007ffd9591d673:   48 89 43 10 e8 c4 f3 ff ff 4c 8b 7c 24 50 48 85
0x00007ffd9591d683:   c0 74 0e b9 01 00 00 00 48 89 43 08 89 4b 18 eb
0x00007ffd9591d693:   2d 48 8b 4b 10 48 8b 01 ff 50 20 33 c9 84 c0 0f
0x00007ffd9591d6a3:   95 c1 89 4b 18 eb 17 4c 8b 47 20 48 8b cb 4d 8b
0x00007ffd9591d6b3:   48 08 49 8d 50 10 4d 8b 00 e8 ff f2 ff ff 48 8b
0x00007ffd9591d6c3:   6c 24 40 48 8b c3 4c 8b 74 24 48 48 83 c4 20 5f
0x00007ffd9591d6d3:   5e 5b c3 cc cc cc cc cc cc cc cc cc cc 48 8b 41
0x00007ffd9591d6e3:   20 48 89 50 f8 c3 cc cc cc cc cc cc cc 48 8b 05
0x00007ffd9591d6f3:   d1 5f 6e 00 4c 8b d2 48 3b 05 97 5f 6e 00 4c 8b
0x00007ffd9591d703:   c9 49 c7 c0 ff ff ff ff 75 05 49 8b c0 eb 04 03
0x00007ffd9591d713:   c0 48 98 4c 89 14 c1 48 99 83 e2 3f 48 03 c2 48 


Stack slot to memory mapping:
stack at sp + 0 slots: 0x00000168df068f50 is a thread
stack at sp + 1 slots: 0x00007ffd95da47be jvm.dll
stack at sp + 2 slots: 0x000000421a3fdf20 points into unknown readable memory: 0x000000421a3fdff0 | f0 df 3f 1a 42 00 00 00
stack at sp + 3 slots: 0x00000168c506b8a0 points into unknown readable memory: 0x2e6f696e2e6e7573 | 73 75 6e 2e 6e 69 6f 2e
stack at sp + 4 slots: 0x000000421a3fdf20 points into unknown readable memory: 0x000000421a3fdff0 | f0 df 3f 1a 42 00 00 00
stack at sp + 5 slots: 0x0 is NULL
stack at sp + 6 slots: 0x000000421a3fdec0 points into unknown readable memory: 0x000000421c9ff040 | 40 f0 9f 1c 42 00 00 00
stack at sp + 7 slots: 0x00007ffd9591d3e5 jvm.dll

VM_Operation (0x000000421cbf8f80): HandshakeAllThreads, mode: no safepoint, requested by thread 0x00000168df0670f0


---------------  P R O C E S S  ---------------

Threads class SMR info:
_java_thread_list=0x00000168e0abf1d0, length=36, elements={
0x00000168c4fcab40, 0x00000168d9649740, 0x00000168d964b170, 0x00000168d966f150,
0x00000168d9671cf0, 0x00000168d9672880, 0x00000168d9674160, 0x00000168d9674e10,
0x00000168d968eaa0, 0x00000168de8cd370, 0x00000168c502c0f0, 0x00000168dec5bea0,
0x00000168df1f24c0, 0x00000168deeb86f0, 0x00000168de8c0c40, 0x00000168de8c1150,
0x00000168de8c43f0, 0x00000168de8c1660, 0x00000168de8c2080, 0x00000168de8c2aa0,
0x00000168de8c2fb0, 0x00000168de8c34c0, 0x00000168de8c39d0, 0x00000168df069970,
0x00000168df068020, 0x00000168df069e80, 0x00000168df06bce0, 0x00000168df066be0,
0x00000168df06adb0, 0x00000168df06d120, 0x00000168df06e560, 0x00000168df069460,
0x00000168df06b2c0, 0x00000168df068f50, 0x00000168df0670f0, 0x00000168df06d630
}

Java Threads: ( => current thread )
  0x00000168c4fcab40 JavaThread "main" [_thread_blocked, id=3588, stack(0x000000421a100000,0x000000421a200000)]
  0x00000168d9649740 JavaThread "Reference Handler" daemon [_thread_blocked, id=11324, stack(0x000000421a400000,0x000000421a500000)]
  0x00000168d964b170 JavaThread "Finalizer" daemon [_thread_blocked, id=2728, stack(0x000000421a500000,0x000000421a600000)]
  0x00000168d966f150 JavaThread "Signal Dispatcher" daemon [_thread_blocked, id=2440, stack(0x000000421a600000,0x000000421a700000)]
  0x00000168d9671cf0 JavaThread "Attach Listener" daemon [_thread_blocked, id=2744, stack(0x000000421a700000,0x000000421a800000)]
  0x00000168d9672880 JavaThread "Service Thread" daemon [_thread_blocked, id=11876, stack(0x000000421a800000,0x000000421a900000)]
  0x00000168d9674160 JavaThread "Monitor Deflation Thread" daemon [_thread_blocked, id=848, stack(0x000000421a900000,0x000000421aa00000)]
  0x00000168d9674e10 JavaThread "C2 CompilerThread0" daemon [_thread_blocked, id=8288, stack(0x000000421aa00000,0x000000421ab00000)]
  0x00000168d968eaa0 JavaThread "C1 CompilerThread0" daemon [_thread_blocked, id=4808, stack(0x000000421ab00000,0x000000421ac00000)]
  0x00000168de8cd370 JavaThread "Sweeper thread" daemon [_thread_blocked, id=8188, stack(0x000000421ac00000,0x000000421ad00000)]
  0x00000168c502c0f0 JavaThread "Common-Cleaner" daemon [_thread_blocked, id=680, stack(0x000000421ad00000,0x000000421ae00000)]
  0x00000168dec5bea0 JavaThread "Notification Thread" daemon [_thread_blocked, id=7900, stack(0x000000421ae00000,0x000000421af00000)]
  0x00000168df1f24c0 JavaThread "Active Thread: Equinox Container: 5046283a-9289-4120-bef2-db3b95ea63bf" [_thread_blocked, id=6688, stack(0x000000421b700000,0x000000421b800000)]
  0x00000168deeb86f0 JavaThread "Framework Event Dispatcher: Equinox Container: 5046283a-9289-4120-bef2-db3b95ea63bf" daemon [_thread_blocked, id=8136, stack(0x000000421b800000,0x000000421b900000)]
  0x00000168de8c0c40 JavaThread "Start Level: Equinox Container: 5046283a-9289-4120-bef2-db3b95ea63bf" daemon [_thread_blocked, id=4712, stack(0x000000421b900000,0x000000421ba00000)]
  0x00000168de8c1150 JavaThread "Refresh Thread: Equinox Container: 5046283a-9289-4120-bef2-db3b95ea63bf" daemon [_thread_blocked, id=10504, stack(0x000000421b300000,0x000000421b400000)]
  0x00000168de8c43f0 JavaThread "Bundle File Closer" daemon [_thread_blocked, id=3564, stack(0x000000421bb00000,0x000000421bc00000)]
  0x00000168de8c1660 JavaThread "SCR Component Actor" daemon [_thread_blocked, id=2400, stack(0x000000421b400000,0x000000421b500000)]
  0x00000168de8c2080 JavaThread "Worker-JM" [_thread_blocked, id=904, stack(0x000000421b600000,0x000000421b700000)]
  0x00000168de8c2aa0 JavaThread "Worker-0" [_thread_blocked, id=9836, stack(0x000000421ba00000,0x000000421bb00000)]
  0x00000168de8c2fb0 JavaThread "Worker-1" [_thread_blocked, id=2064, stack(0x000000421bc00000,0x000000421bd00000)]
  0x00000168de8c34c0 JavaThread "Java indexing" daemon [_thread_blocked, id=1300, stack(0x000000421bd00000,0x000000421be00000)]
  0x00000168de8c39d0 JavaThread "Worker-2" [_thread_blocked, id=4840, stack(0x000000421be00000,0x000000421bf00000)]
  0x00000168df069970 JavaThread "JNA Cleaner" daemon [_thread_blocked, id=9428, stack(0x000000421bf00000,0x000000421c000000)]
  0x00000168df068020 JavaThread "Worker-3: Updating workspace" [_thread_blocked, id=4812, stack(0x000000421c200000,0x000000421c300000)]
  0x00000168df069e80 JavaThread "pool-2-thread-1" [_thread_blocked, id=2896, stack(0x000000421c300000,0x000000421c400000)]
  0x00000168df06bce0 JavaThread "WorkspaceEventsHandler" [_thread_blocked, id=3744, stack(0x000000421c400000,0x000000421c500000)]
  0x00000168df066be0 JavaThread "pool-1-thread-1" [_thread_in_native, id=8080, stack(0x000000421c500000,0x000000421c600000)]
  0x00000168df06adb0 JavaThread "Equinox resolver thread - Equinox Container: 5046283a-9289-4120-bef2-db3b95ea63bf" daemon [_thread_blocked, id=10276, stack(0x000000421b500000,0x000000421b600000)]
  0x00000168df06d120 JavaThread "Equinox resolver thread - Equinox Container: 5046283a-9289-4120-bef2-db3b95ea63bf" daemon [_thread_blocked, id=9388, stack(0x000000421c600000,0x000000421c700000)]
  0x00000168df06e560 JavaThread "Equinox resolver thread - Equinox Container: 5046283a-9289-4120-bef2-db3b95ea63bf" daemon [_thread_blocked, id=12080, stack(0x000000421c700000,0x000000421c800000)]
  0x00000168df069460 JavaThread "Equinox resolver thread - Equinox Container: 5046283a-9289-4120-bef2-db3b95ea63bf" daemon [_thread_blocked, id=3948, stack(0x000000421c800000,0x000000421c900000)]
  0x00000168df06b2c0 JavaThread "Worker-4: Initialize workspace" [_thread_blocked, id=4564, stack(0x000000421c900000,0x000000421ca00000)]
  0x00000168df068f50 JavaThread "ForkJoinPool.commonPool-worker-1" daemon [_thread_in_native, id=1964, stack(0x000000421ca00000,0x000000421cb00000)]
  0x00000168df0670f0 JavaThread "ForkJoinPool.commonPool-worker-2" daemon [_thread_blocked, id=3080, stack(0x000000421cb00000,0x000000421cc00000)]
  0x00000168df06d630 JavaThread "ForkJoinPool.commonPool-worker-3" daemon [_thread_blocked, id=2632, stack(0x000000421cc00000,0x000000421cd00000)]

Other Threads:
=>0x00000168c5053f80 VMThread "VM Thread" [stack: 0x000000421a300000,0x000000421a400000] [id=10028]
  0x00000168deb4ffa0 WatcherThread [stack: 0x000000421af00000,0x000000421b000000] [id=5216]
  0x00000168c4fe1260 GCTaskThread "GC Thread#0" [stack: 0x000000421a200000,0x000000421a300000] [id=9188]
  0x00000168dee5f440 GCTaskThread "GC Thread#1" [stack: 0x000000421b000000,0x000000421b100000] [id=7752]
  0x00000168dee5fb10 GCTaskThread "GC Thread#2" [stack: 0x000000421b100000,0x000000421b200000] [id=2548]
  0x00000168dee5fdd0 GCTaskThread "GC Thread#3" [stack: 0x000000421b200000,0x000000421b300000] [id=8308]

Threads with active compile tasks:
C2 CompilerThread0    45764 6785  s!   4       org.eclipse.jdt.internal.core.JavaModelManager::removeInfoAndChildren (115 bytes)

VM state: not at safepoint (normal execution)

VM Mutex/Monitor currently owned by a thread:  ([mutex/lock_event])
[0x00000168c4fc5c40] Compile_lock - owner thread: 0x00000168df0670f0
[0x00000168c4fc5220] MethodCompileQueue_lock - owner thread: 0x00000168d9674e10

Heap address: 0x00000000c0000000, size: 1024 MB, Compressed Oops mode: 32-bit

CDS archive(s) not mapped
Compressed class space mapped at: 0x0000000100000000-0x0000000140000000, reserved size: 1073741824
Narrow klass base: 0x0000000000000000, Narrow klass shift: 3, Narrow klass range: 0x140000000

GC Precious Log:
 CPUs: 4 total, 4 available
 Memory: 3965M
 Large Page Support: Disabled
 NUMA Support: Disabled
 Compressed Oops: Enabled (32-bit)
 Alignments: Space 512K, Generation 512K, Heap 2M
 Heap Min Capacity: 100M
 Heap Initial Capacity: 100M
 Heap Max Capacity: 1G
 Pre-touch: Disabled
 Parallel Workers: 4

Heap:
 PSYoungGen      total 16384K, used 6678K [0x00000000eab00000, 0x00000000ebc80000, 0x0000000100000000)
  eden space 15360K, 37% used [0x00000000eab00000,0x00000000eb0a1e60,0x00000000eba00000)
  from space 1024K, 88% used [0x00000000ebb00000,0x00000000ebbe3a60,0x00000000ebc00000)
  to   space 512K, 0% used [0x00000000ebc00000,0x00000000ebc00000,0x00000000ebc80000)
 ParOldGen       total 68608K, used 40666K [0x00000000c0000000, 0x00000000c4300000, 0x00000000eab00000)
  object space 68608K, 59% used [0x00000000c0000000,0x00000000c27b68c0,0x00000000c4300000)
 Metaspace       used 67058K, committed 68224K, reserved 1114112K
  class space    used 7078K, committed 7552K, reserved 1048576K

Card table byte_map: [0x00000168d6f20000,0x00000168d7130000] _byte_map_base: 0x00000168d6920000

Marking Bits: (ParMarkBitMap*) 0x00007ffd961ed0b0
 Begin Bits: [0x00000168d7290000, 0x00000168d8290000)
 End Bits:   [0x00000168d8290000, 0x00000168d9290000)

Polling page: 0x00000168c35d0000

Metaspace:

Usage:
  Non-class:     58.57 MB used.
      Class:      6.91 MB used.
       Both:     65.49 MB used.

Virtual space:
  Non-class space:       64.00 MB reserved,      59.25 MB ( 93%) committed,  1 nodes.
      Class space:        1.00 GB reserved,       7.38 MB ( <1%) committed,  1 nodes.
             Both:        1.06 GB reserved,      66.62 MB (  6%) committed. 

Chunk freelists:
   Non-Class:  4.16 MB
       Class:  8.67 MB
        Both:  12.82 MB

MaxMetaspaceSize: unlimited
CompressedClassSpaceSize: 1.00 GB
Initial GC threshold: 21.00 MB
Current GC threshold: 98.12 MB
CDS: off
MetaspaceReclaimPolicy: balanced
 - commit_granule_bytes: 65536.
 - commit_granule_words: 8192.
 - virtual_space_node_default_size: 8388608.
 - enlarge_chunks_in_place: 1.
 - new_chunks_are_fully_committed: 0.
 - uncommit_free_chunks: 1.
 - use_allocation_guard: 0.
 - handle_deallocations: 1.


Internal statistics:

num_allocs_failed_limit: 15.
num_arena_births: 558.
num_arena_deaths: 14.
num_vsnodes_births: 2.
num_vsnodes_deaths: 0.
num_space_committed: 1066.
num_space_uncommitted: 0.
num_chunks_returned_to_freelist: 29.
num_chunks_taken_from_freelist: 3177.
num_chunk_merges: 21.
num_chunk_splits: 2030.
num_chunks_enlarged: 1287.
num_inconsistent_stats: 0.

CodeHeap 'non-profiled nmethods': size=120000Kb used=3085Kb max_used=3085Kb free=116914Kb
 bounds [0x00000168cf810000, 0x00000168cfb20000, 0x00000168d6d40000]
CodeHeap 'profiled nmethods': size=120000Kb used=15087Kb max_used=15087Kb free=104912Kb
 bounds [0x00000168c7d40000, 0x00000168c8c00000, 0x00000168cf270000]
CodeHeap 'non-nmethods': size=5760Kb used=1388Kb max_used=1388Kb free=4371Kb
 bounds [0x00000168cf270000, 0x00000168cf4e0000, 0x00000168cf810000]
 total_blobs=7801 nmethods=7111 adapters=602
 compilation: enabled
              stopped_count=0, restarted_count=0
 full_count=0

Compilation events (20 events):
Event: 45.372 Thread 0x00000168d968eaa0 8006       2       org.eclipse.jdt.internal.compiler.util.Util::effectivelyEqual (73 bytes)
Event: 45.372 Thread 0x00000168d968eaa0 nmethod 8006 0x00000168c8bf5910 code [0x00000168c8bf5ac0, 0x00000168c8bf5d78]
Event: 45.372 Thread 0x00000168d968eaa0 8007       3       org.eclipse.jdt.internal.compiler.lookup.LookupEnvironment::getCachedType0 (112 bytes)
Event: 45.374 Thread 0x00000168d968eaa0 nmethod 8007 0x00000168c8bf5f10 code [0x00000168c8bf61a0, 0x00000168c8bf7038]
Event: 45.374 Thread 0x00000168d968eaa0 8009       2       org.eclipse.jdt.internal.compiler.lookup.LookupEnvironment::getTypeFromTypeSignature (770 bytes)
Event: 45.377 Thread 0x00000168d968eaa0 nmethod 8009 0x00000168c8bf7510 code [0x00000168c8bf7920, 0x00000168c8bf8f28]
Event: 45.377 Thread 0x00000168d968eaa0 8011       3       org.eclipse.jdt.internal.compiler.classfmt.MethodInfo::getGenericSignature (46 bytes)
Event: 45.378 Thread 0x00000168d968eaa0 nmethod 8011 0x00000168c8bf9e90 code [0x00000168c8bfa040, 0x00000168c8bfa428]
Event: 45.378 Thread 0x00000168d968eaa0 8013       3       org.eclipse.jdt.internal.compiler.lookup.SignatureWrapper::computeEnd (288 bytes)
Event: 45.379 Thread 0x00000168d968eaa0 nmethod 8013 0x00000168c8bfa590 code [0x00000168c8bfa7a0, 0x00000168c8bfb148]
Event: 45.379 Thread 0x00000168d968eaa0 8008       2       org.eclipse.jdt.internal.compiler.lookup.TypeSystem::getDerivedTypes (16 bytes)
Event: 45.379 Thread 0x00000168d968eaa0 nmethod 8008 0x00000168c8bfb410 code [0x00000168c8bfb5c0, 0x00000168c8bfb728]
Event: 45.379 Thread 0x00000168d968eaa0 8014       2       org.eclipse.jdt.internal.compiler.util.JRTUtil::getClassfileContent (29 bytes)
Event: 45.380 Thread 0x00000168d968eaa0 nmethod 8014 0x00000168c8bfb890 code [0x00000168c8bfba60, 0x00000168c8bfbc88]
Event: 45.380 Thread 0x00000168d968eaa0 8012       1       org.eclipse.jdt.internal.compiler.lookup.TypeBinding::isWildcard (2 bytes)
Event: 45.380 Thread 0x00000168d968eaa0 nmethod 8012 0x00000168cfb12c90 code [0x00000168cfb12e20, 0x00000168cfb12ef8]
Event: 45.380 Thread 0x00000168d968eaa0 8010       1       org.eclipse.jdt.internal.compiler.lookup.ReferenceBinding::getPackage (5 bytes)
Event: 45.380 Thread 0x00000168d968eaa0 nmethod 8010 0x00000168cfb12f90 code [0x00000168cfb13120, 0x00000168cfb131f8]
Event: 45.390 Thread 0x00000168d968eaa0 8015       1       org.eclipse.jdt.internal.compiler.env.IBinaryAnnotation::isExternalAnnotation (2 bytes)
Event: 45.390 Thread 0x00000168d968eaa0 nmethod 8015 0x00000168cfb13290 code [0x00000168cfb13420, 0x00000168cfb134f8]

GC Heap History (20 events):
Event: 42.097 GC heap before
{Heap before GC invocations=43 (full 3):
 PSYoungGen      total 16384K, used 336K [0x00000000eab00000, 0x00000000ebd00000, 0x0000000100000000)
  eden space 15872K, 0% used [0x00000000eab00000,0x00000000eab00000,0x00000000eba80000)
  from space 512K, 65% used [0x00000000ebc80000,0x00000000ebcd4188,0x00000000ebd00000)
  to   space 1024K, 0% used [0x00000000ebb00000,0x00000000ebb00000,0x00000000ebc00000)
 ParOldGen       total 68608K, used 44819K [0x00000000c0000000, 0x00000000c4300000, 0x00000000eab00000)
  object space 68608K, 65% used [0x00000000c0000000,0x00000000c2bc4ea0,0x00000000c4300000)
 Metaspace       used 59340K, committed 60288K, reserved 1114112K
  class space    used 6302K, committed 6720K, reserved 1048576K
}
Event: 42.228 GC heap after
{Heap after GC invocations=43 (full 3):
 PSYoungGen      total 16384K, used 0K [0x00000000eab00000, 0x00000000ebd00000, 0x0000000100000000)
  eden space 15872K, 0% used [0x00000000eab00000,0x00000000eab00000,0x00000000eba80000)
  from space 512K, 0% used [0x00000000ebc80000,0x00000000ebc80000,0x00000000ebd00000)
  to   space 1024K, 0% used [0x00000000ebb00000,0x00000000ebb00000,0x00000000ebc00000)
 ParOldGen       total 68608K, used 32104K [0x00000000c0000000, 0x00000000c4300000, 0x00000000eab00000)
  object space 68608K, 46% used [0x00000000c0000000,0x00000000c1f5a380,0x00000000c4300000)
 Metaspace       used 59340K, committed 60288K, reserved 1114112K
  class space    used 6302K, committed 6720K, reserved 1048576K
}
Event: 42.466 GC heap before
{Heap before GC invocations=44 (full 3):
 PSYoungGen      total 16384K, used 15872K [0x00000000eab00000, 0x00000000ebd00000, 0x0000000100000000)
  eden space 15872K, 100% used [0x00000000eab00000,0x00000000eba80000,0x00000000eba80000)
  from space 512K, 0% used [0x00000000ebc80000,0x00000000ebc80000,0x00000000ebd00000)
  to   space 1024K, 0% used [0x00000000ebb00000,0x00000000ebb00000,0x00000000ebc00000)
 ParOldGen       total 68608K, used 32104K [0x00000000c0000000, 0x00000000c4300000, 0x00000000eab00000)
  object space 68608K, 46% used [0x00000000c0000000,0x00000000c1f5a380,0x00000000c4300000)
 Metaspace       used 59924K, committed 60800K, reserved 1114112K
  class space    used 6359K, committed 6720K, reserved 1048576K
}
Event: 42.468 GC heap after
{Heap after GC invocations=44 (full 3):
 PSYoungGen      total 16896K, used 672K [0x00000000eab00000, 0x00000000ebd00000, 0x0000000100000000)
  eden space 15872K, 0% used [0x00000000eab00000,0x00000000eab00000,0x00000000eba80000)
  from space 1024K, 65% used [0x00000000ebb00000,0x00000000ebba8000,0x00000000ebc00000)
  to   space 1024K, 0% used [0x00000000ebc00000,0x00000000ebc00000,0x00000000ebd00000)
 ParOldGen       total 68608K, used 32112K [0x00000000c0000000, 0x00000000c4300000, 0x00000000eab00000)
  object space 68608K, 46% used [0x00000000c0000000,0x00000000c1f5c380,0x00000000c4300000)
 Metaspace       used 59924K, committed 60800K, reserved 1114112K
  class space    used 6359K, committed 6720K, reserved 1048576K
}
Event: 42.551 GC heap before
{Heap before GC invocations=45 (full 3):
 PSYoungGen      total 16896K, used 16544K [0x00000000eab00000, 0x00000000ebd00000, 0x0000000100000000)
  eden space 15872K, 100% used [0x00000000eab00000,0x00000000eba80000,0x00000000eba80000)
  from space 1024K, 65% used [0x00000000ebb00000,0x00000000ebba8000,0x00000000ebc00000)
  to   space 1024K, 0% used [0x00000000ebc00000,0x00000000ebc00000,0x00000000ebd00000)
 ParOldGen       total 68608K, used 32112K [0x00000000c0000000, 0x00000000c4300000, 0x00000000eab00000)
  object space 68608K, 46% used [0x00000000c0000000,0x00000000c1f5c380,0x00000000c4300000)
 Metaspace       used 59940K, committed 60800K, reserved 1114112K
  class space    used 6360K, committed 6720K, reserved 1048576K
}
Event: 42.552 GC heap after
{Heap after GC invocations=45 (full 3):
 PSYoungGen      total 16384K, used 512K [0x00000000eab00000, 0x00000000ebc80000, 0x0000000100000000)
  eden space 15872K, 0% used [0x00000000eab00000,0x00000000eab00000,0x00000000eba80000)
  from space 512K, 100% used [0x00000000ebc00000,0x00000000ebc80000,0x00000000ebc80000)
  to   space 1024K, 0% used [0x00000000eba80000,0x00000000eba80000,0x00000000ebb80000)
 ParOldGen       total 68608K, used 32502K [0x00000000c0000000, 0x00000000c4300000, 0x00000000eab00000)
  object space 68608K, 47% used [0x00000000c0000000,0x00000000c1fbda10,0x00000000c4300000)
 Metaspace       used 59940K, committed 60800K, reserved 1114112K
  class space    used 6360K, committed 6720K, reserved 1048576K
}
Event: 42.599 GC heap before
{Heap before GC invocations=46 (full 3):
 PSYoungGen      total 16384K, used 16384K [0x00000000eab00000, 0x00000000ebc80000, 0x0000000100000000)
  eden space 15872K, 100% used [0x00000000eab00000,0x00000000eba80000,0x00000000eba80000)
  from space 512K, 100% used [0x00000000ebc00000,0x00000000ebc80000,0x00000000ebc80000)
  to   space 1024K, 0% used [0x00000000eba80000,0x00000000eba80000,0x00000000ebb80000)
 ParOldGen       total 68608K, used 32502K [0x00000000c0000000, 0x00000000c4300000, 0x00000000eab00000)
  object space 68608K, 47% used [0x00000000c0000000,0x00000000c1fbda10,0x00000000c4300000)
 Metaspace       used 59948K, committed 60800K, reserved 1114112K
  class space    used 6362K, committed 6720K, reserved 1048576K
}
Event: 42.602 GC heap after
{Heap after GC invocations=46 (full 3):
 PSYoungGen      total 16896K, used 1015K [0x00000000eab00000, 0x00000000ebe80000, 0x0000000100000000)
  eden space 15872K, 0% used [0x00000000eab00000,0x00000000eab00000,0x00000000eba80000)
  from space 1024K, 99% used [0x00000000eba80000,0x00000000ebb7dc40,0x00000000ebb80000)
  to   space 2048K, 0% used [0x00000000ebc80000,0x00000000ebc80000,0x00000000ebe80000)
 ParOldGen       total 68608K, used 33160K [0x00000000c0000000, 0x00000000c4300000, 0x00000000eab00000)
  object space 68608K, 48% used [0x00000000c0000000,0x00000000c2062310,0x00000000c4300000)
 Metaspace       used 59948K, committed 60800K, reserved 1114112K
  class space    used 6362K, committed 6720K, reserved 1048576K
}
Event: 43.165 GC heap before
{Heap before GC invocations=47 (full 3):
 PSYoungGen      total 16896K, used 16887K [0x00000000eab00000, 0x00000000ebe80000, 0x0000000100000000)
  eden space 15872K, 100% used [0x00000000eab00000,0x00000000eba80000,0x00000000eba80000)
  from space 1024K, 99% used [0x00000000eba80000,0x00000000ebb7dc40,0x00000000ebb80000)
  to   space 2048K, 0% used [0x00000000ebc80000,0x00000000ebc80000,0x00000000ebe80000)
 ParOldGen       total 68608K, used 33160K [0x00000000c0000000, 0x00000000c4300000, 0x00000000eab00000)
  object space 68608K, 48% used [0x00000000c0000000,0x00000000c2062310,0x00000000c4300000)
 Metaspace       used 62350K, committed 63360K, reserved 1114112K
  class space    used 6622K, committed 7040K, reserved 1048576K
}
Event: 43.169 GC heap after
{Heap after GC invocations=47 (full 3):
 PSYoungGen      total 17408K, used 1154K [0x00000000eab00000, 0x00000000ebe00000, 0x0000000100000000)
  eden space 15872K, 0% used [0x00000000eab00000,0x00000000eab00000,0x00000000eba80000)
  from space 1536K, 75% used [0x00000000ebc80000,0x00000000ebda0988,0x00000000ebe00000)
  to   space 1536K, 0% used [0x00000000ebb00000,0x00000000ebb00000,0x00000000ebc80000)
 ParOldGen       total 68608K, used 34048K [0x00000000c0000000, 0x00000000c4300000, 0x00000000eab00000)
  object space 68608K, 49% used [0x00000000c0000000,0x00000000c2140310,0x00000000c4300000)
 Metaspace       used 62350K, committed 63360K, reserved 1114112K
  class space    used 6622K, committed 7040K, reserved 1048576K
}
Event: 43.312 GC heap before
{Heap before GC invocations=48 (full 3):
 PSYoungGen      total 17408K, used 17026K [0x00000000eab00000, 0x00000000ebe00000, 0x0000000100000000)
  eden space 15872K, 100% used [0x00000000eab00000,0x00000000eba80000,0x00000000eba80000)
  from space 1536K, 75% used [0x00000000ebc80000,0x00000000ebda0988,0x00000000ebe00000)
  to   space 1536K, 0% used [0x00000000ebb00000,0x00000000ebb00000,0x00000000ebc80000)
 ParOldGen       total 68608K, used 34048K [0x00000000c0000000, 0x00000000c4300000, 0x00000000eab00000)
  object space 68608K, 49% used [0x00000000c0000000,0x00000000c2140310,0x00000000c4300000)
 Metaspace       used 62792K, committed 63808K, reserved 1114112K
  class space    used 6664K, committed 7104K, reserved 1048576K
}
Event: 43.316 GC heap after
{Heap after GC invocations=48 (full 3):
 PSYoungGen      total 17408K, used 1106K [0x00000000eab00000, 0x00000000ebd80000, 0x0000000100000000)
  eden space 15872K, 0% used [0x00000000eab00000,0x00000000eab00000,0x00000000eba80000)
  from space 1536K, 72% used [0x00000000ebb00000,0x00000000ebc14a48,0x00000000ebc80000)
  to   space 1024K, 0% used [0x00000000ebc80000,0x00000000ebc80000,0x00000000ebd80000)
 ParOldGen       total 68608K, used 35133K [0x00000000c0000000, 0x00000000c4300000, 0x00000000eab00000)
  object space 68608K, 51% used [0x00000000c0000000,0x00000000c224f5e8,0x00000000c4300000)
 Metaspace       used 62792K, committed 63808K, reserved 1114112K
  class space    used 6664K, committed 7104K, reserved 1048576K
}
Event: 43.447 GC heap before
{Heap before GC invocations=49 (full 3):
 PSYoungGen      total 17408K, used 16978K [0x00000000eab00000, 0x00000000ebd80000, 0x0000000100000000)
  eden space 15872K, 100% used [0x00000000eab00000,0x00000000eba80000,0x00000000eba80000)
  from space 1536K, 72% used [0x00000000ebb00000,0x00000000ebc14a48,0x00000000ebc80000)
  to   space 1024K, 0% used [0x00000000ebc80000,0x00000000ebc80000,0x00000000ebd80000)
 ParOldGen       total 68608K, used 35133K [0x00000000c0000000, 0x00000000c4300000, 0x00000000eab00000)
  object space 68608K, 51% used [0x00000000c0000000,0x00000000c224f5e8,0x00000000c4300000)
 Metaspace       used 63488K, committed 64576K, reserved 1114112K
  class space    used 6720K, committed 7168K, reserved 1048576K
}
Event: 43.453 GC heap after
{Heap after GC invocations=49 (full 3):
 PSYoungGen      total 16384K, used 1024K [0x00000000eab00000, 0x00000000ebf80000, 0x0000000100000000)
  eden space 15360K, 0% used [0x00000000eab00000,0x00000000eab00000,0x00000000eba00000)
  from space 1024K, 100% used [0x00000000ebc80000,0x00000000ebd80000,0x00000000ebd80000)
  to   space 2560K, 0% used [0x00000000eba00000,0x00000000eba00000,0x00000000ebc80000)
 ParOldGen       total 68608K, used 36429K [0x00000000c0000000, 0x00000000c4300000, 0x00000000eab00000)
  object space 68608K, 53% used [0x00000000c0000000,0x00000000c2393618,0x00000000c4300000)
 Metaspace       used 63488K, committed 64576K, reserved 1114112K
  class space    used 6720K, committed 7168K, reserved 1048576K
}
Event: 43.731 GC heap before
{Heap before GC invocations=50 (full 3):
 PSYoungGen      total 16384K, used 16384K [0x00000000eab00000, 0x00000000ebf80000, 0x0000000100000000)
  eden space 15360K, 100% used [0x00000000eab00000,0x00000000eba00000,0x00000000eba00000)
  from space 1024K, 100% used [0x00000000ebc80000,0x00000000ebd80000,0x00000000ebd80000)
  to   space 2560K, 0% used [0x00000000eba00000,0x00000000eba00000,0x00000000ebc80000)
 ParOldGen       total 68608K, used 36429K [0x00000000c0000000, 0x00000000c4300000, 0x00000000eab00000)
  object space 68608K, 53% used [0x00000000c0000000,0x00000000c2393618,0x00000000c4300000)
 Metaspace       used 64148K, committed 65216K, reserved 1114112K
  class space    used 6780K, committed 7232K, reserved 1048576K
}
Event: 43.735 GC heap after
{Heap after GC invocations=50 (full 3):
 PSYoungGen      total 16896K, used 1259K [0x00000000eab00000, 0x00000000ebe00000, 0x0000000100000000)
  eden space 15360K, 0% used [0x00000000eab00000,0x00000000eab00000,0x00000000eba00000)
  from space 1536K, 82% used [0x00000000eba00000,0x00000000ebb3afc0,0x00000000ebb80000)
  to   space 2048K, 0% used [0x00000000ebc00000,0x00000000ebc00000,0x00000000ebe00000)
 ParOldGen       total 68608K, used 38955K [0x00000000c0000000, 0x00000000c4300000, 0x00000000eab00000)
  object space 68608K, 56% used [0x00000000c0000000,0x00000000c260acc8,0x00000000c4300000)
 Metaspace       used 64148K, committed 65216K, reserved 1114112K
  class space    used 6780K, committed 7232K, reserved 1048576K
}
Event: 44.175 GC heap before
{Heap before GC invocations=51 (full 3):
 PSYoungGen      total 16896K, used 16619K [0x00000000eab00000, 0x00000000ebe00000, 0x0000000100000000)
  eden space 15360K, 100% used [0x00000000eab00000,0x00000000eba00000,0x00000000eba00000)
  from space 1536K, 82% used [0x00000000eba00000,0x00000000ebb3afc0,0x00000000ebb80000)
  to   space 2048K, 0% used [0x00000000ebc00000,0x00000000ebc00000,0x00000000ebe00000)
 ParOldGen       total 68608K, used 38955K [0x00000000c0000000, 0x00000000c4300000, 0x00000000eab00000)
  object space 68608K, 56% used [0x00000000c0000000,0x00000000c260acc8,0x00000000c4300000)
 Metaspace       used 64965K, committed 66112K, reserved 1114112K
  class space    used 6866K, committed 7360K, reserved 1048576K
}
Event: 44.178 GC heap after
{Heap after GC invocations=51 (full 3):
 PSYoungGen      total 16384K, used 665K [0x00000000eab00000, 0x00000000ebd00000, 0x0000000100000000)
  eden space 15360K, 0% used [0x00000000eab00000,0x00000000eab00000,0x00000000eba00000)
  from space 1024K, 64% used [0x00000000ebc00000,0x00000000ebca6638,0x00000000ebd00000)
  to   space 1024K, 0% used [0x00000000ebb00000,0x00000000ebb00000,0x00000000ebc00000)
 ParOldGen       total 68608K, used 40076K [0x00000000c0000000, 0x00000000c4300000, 0x00000000eab00000)
  object space 68608K, 58% used [0x00000000c0000000,0x00000000c2723138,0x00000000c4300000)
 Metaspace       used 64965K, committed 66112K, reserved 1114112K
  class space    used 6866K, committed 7360K, reserved 1048576K
}
Event: 45.086 GC heap before
{Heap before GC invocations=52 (full 3):
 PSYoungGen      total 16384K, used 15984K [0x00000000eab00000, 0x00000000ebd00000, 0x0000000100000000)
  eden space 15360K, 99% used [0x00000000eab00000,0x00000000eb9f5d88,0x00000000eba00000)
  from space 1024K, 64% used [0x00000000ebc00000,0x00000000ebca6638,0x00000000ebd00000)
  to   space 1024K, 0% used [0x00000000ebb00000,0x00000000ebb00000,0x00000000ebc00000)
 ParOldGen       total 68608K, used 40076K [0x00000000c0000000, 0x00000000c4300000, 0x00000000eab00000)
  object space 68608K, 58% used [0x00000000c0000000,0x00000000c2723138,0x00000000c4300000)
 Metaspace       used 66587K, committed 67648K, reserved 1114112K
  class space    used 7038K, committed 7488K, reserved 1048576K
}
Event: 45.088 GC heap after
{Heap after GC invocations=52 (full 3):
 PSYoungGen      total 16384K, used 910K [0x00000000eab00000, 0x00000000ebc80000, 0x0000000100000000)
  eden space 15360K, 0% used [0x00000000eab00000,0x00000000eab00000,0x00000000eba00000)
  from space 1024K, 88% used [0x00000000ebb00000,0x00000000ebbe3a60,0x00000000ebc00000)
  to   space 512K, 0% used [0x00000000ebc00000,0x00000000ebc00000,0x00000000ebc80000)
 ParOldGen       total 68608K, used 40666K [0x00000000c0000000, 0x00000000c4300000, 0x00000000eab00000)
  object space 68608K, 59% used [0x00000000c0000000,0x00000000c27b68c0,0x00000000c4300000)
 Metaspace       used 66587K, committed 67648K, reserved 1114112K
  class space    used 7038K, committed 7488K, reserved 1048576K
}

Dll operation events (10 events):
Event: 0.204 Loaded shared library c:\Users\Admin\.vscode\extensions\redhat.java-1.25.0-win32-x64\jre\17.0.9-win32-x86_64\bin\java.dll
Event: 1.476 Loaded shared library c:\Users\Admin\.vscode\extensions\redhat.java-1.25.0-win32-x64\jre\17.0.9-win32-x86_64\bin\zip.dll
Event: 1.487 Loaded shared library C:\Users\Admin\.vscode\extensions\redhat.java-1.25.0-win32-x64\jre\17.0.9-win32-x86_64\bin\instrument.dll
Event: 1.843 Loaded shared library C:\Users\Admin\.vscode\extensions\redhat.java-1.25.0-win32-x64\jre\17.0.9-win32-x86_64\bin\net.dll
Event: 2.061 Loaded shared library C:\Users\Admin\.vscode\extensions\redhat.java-1.25.0-win32-x64\jre\17.0.9-win32-x86_64\bin\nio.dll
Event: 2.125 Loaded shared library C:\Users\Admin\.vscode\extensions\redhat.java-1.25.0-win32-x64\jre\17.0.9-win32-x86_64\bin\zip.dll
Event: 2.165 Loaded shared library C:\Users\Admin\.vscode\extensions\redhat.java-1.25.0-win32-x64\jre\17.0.9-win32-x86_64\bin\jimage.dll
Event: 2.464 Loaded shared library c:\Users\Admin\.vscode\extensions\redhat.java-1.25.0-win32-x64\jre\17.0.9-win32-x86_64\bin\verify.dll
Event: 15.993 Loaded shared library C:\Users\Admin\AppData\Roaming\Code\User\globalStorage\redhat.java\1.25.0\config_win\org.eclipse.equinox.launcher\org.eclipse.equinox.launcher.win32.win32.x86_64_1.2.800.v20231003-1442\eclipse_11802.dll
Event: 33.405 Loaded shared library C:\Users\Admin\AppData\Local\Temp\jna-63116079\jna16475943825883896611.dll

Deoptimization events (20 events):
Event: 44.194 Thread 0x00000168df0670f0 DEOPT PACKING pc=0x00000168c813a09e sp=0x000000421cbfdad0
Event: 44.194 Thread 0x00000168df0670f0 DEOPT UNPACKING pc=0x00000168cf2c6e43 sp=0x000000421cbfcfc0 mode 0
Event: 44.195 Thread 0x00000168df0670f0 DEOPT PACKING pc=0x00000168c813a09e sp=0x000000421cbfdad0
Event: 44.195 Thread 0x00000168df0670f0 DEOPT UNPACKING pc=0x00000168cf2c6e43 sp=0x000000421cbfcfc0 mode 0
Event: 44.208 Thread 0x00000168df068f50 DEOPT PACKING pc=0x00000168c813a09e sp=0x000000421cafd200
Event: 44.208 Thread 0x00000168df068f50 DEOPT UNPACKING pc=0x00000168cf2c6e43 sp=0x000000421cafc6f0 mode 0
Event: 44.392 Thread 0x00000168df068f50 DEOPT PACKING pc=0x00000168c841d7c4 sp=0x000000421cafdb40
Event: 44.392 Thread 0x00000168df068f50 DEOPT UNPACKING pc=0x00000168cf2c6e43 sp=0x000000421cafd0c0 mode 0
Event: 44.731 Thread 0x00000168df06b2c0 DEOPT PACKING pc=0x00000168c885e5fd sp=0x000000421c9feaf0
Event: 44.732 Thread 0x00000168df06b2c0 DEOPT UNPACKING pc=0x00000168cf2c6e43 sp=0x000000421c9fdfd0 mode 0
Event: 44.820 Thread 0x00000168df0670f0 DEOPT PACKING pc=0x00000168c8a3edae sp=0x000000421cbfe030
Event: 44.820 Thread 0x00000168df0670f0 DEOPT UNPACKING pc=0x00000168cf2c6e43 sp=0x000000421cbfd4d8 mode 0
Event: 45.146 Thread 0x00000168df0670f0 DEOPT PACKING pc=0x00000168c8295e88 sp=0x000000421cbfe490
Event: 45.146 Thread 0x00000168df0670f0 DEOPT UNPACKING pc=0x00000168cf2c6e43 sp=0x000000421cbfd998 mode 0
Event: 45.220 Thread 0x00000168df0670f0 DEOPT PACKING pc=0x00000168c889c551 sp=0x000000421cbfde20
Event: 45.220 Thread 0x00000168df0670f0 DEOPT UNPACKING pc=0x00000168cf2c6e43 sp=0x000000421cbfd330 mode 0
Event: 45.236 Thread 0x00000168df0670f0 DEOPT PACKING pc=0x00000168c8a5ccbd sp=0x000000421cbfd5c0
Event: 45.236 Thread 0x00000168df0670f0 DEOPT UNPACKING pc=0x00000168cf2c6e43 sp=0x000000421cbfcca8 mode 0
Event: 45.374 Thread 0x00000168df0670f0 DEOPT PACKING pc=0x00000168c8bb2258 sp=0x000000421cbfdc50
Event: 45.374 Thread 0x00000168df0670f0 DEOPT UNPACKING pc=0x00000168cf2c6e43 sp=0x000000421cbfd090 mode 0

Classes unloaded (7 events):
Event: 33.429 Thread 0x00000168c5053f80 Unloading class 0x000000010023fc00 'java/lang/invoke/LambdaForm$MH+0x000000010023fc00'
Event: 33.429 Thread 0x00000168c5053f80 Unloading class 0x000000010023f800 'java/lang/invoke/LambdaForm$MH+0x000000010023f800'
Event: 33.429 Thread 0x00000168c5053f80 Unloading class 0x000000010023f400 'java/lang/invoke/LambdaForm$MH+0x000000010023f400'
Event: 33.429 Thread 0x00000168c5053f80 Unloading class 0x000000010023f000 'java/lang/invoke/LambdaForm$MH+0x000000010023f000'
Event: 33.429 Thread 0x00000168c5053f80 Unloading class 0x000000010023ec00 'java/lang/invoke/LambdaForm$BMH+0x000000010023ec00'
Event: 33.429 Thread 0x00000168c5053f80 Unloading class 0x000000010023e800 'java/lang/invoke/LambdaForm$DMH+0x000000010023e800'
Event: 33.429 Thread 0x00000168c5053f80 Unloading class 0x000000010023c000 'java/lang/invoke/LambdaForm$DMH+0x000000010023c000'

Classes redefined (0 events):
No events

Internal exceptions (20 events):
Event: 42.663 Thread 0x00000168df066be0 Exception <a 'java/lang/NoSuchMethodError'{0x00000000ead84668}: 'int java.lang.invoke.DirectMethodHandle$Holder.invokeVirtual(java.lang.Object, java.lang.Object, java.lang.Object)'> (0x00000000ead84668) 
thrown [s\src\hotspot\share\interpreter\linkResolver.cpp, line 759]
Event: 42.751 Thread 0x00000168df066be0 Exception <a 'java/io/FileNotFoundException'{0x00000000eb0616e8}> (0x00000000eb0616e8) 
thrown [s\src\hotspot\share\prims\jni.cpp, line 516]
Event: 42.770 Thread 0x00000168df066be0 Exception <a 'java/io/FileNotFoundException'{0x00000000eb0c0418}> (0x00000000eb0c0418) 
thrown [s\src\hotspot\share\prims\jni.cpp, line 516]
Event: 43.110 Thread 0x00000168df066be0 Exception <a 'sun/nio/fs/WindowsException'{0x00000000eb94d100}> (0x00000000eb94d100) 
thrown [s\src\hotspot\share\prims\jni.cpp, line 516]
Event: 43.160 Thread 0x00000168de8c39d0 Exception <a 'java/lang/NoSuchMethodError'{0x00000000eba2a238}: 'java.lang.Object java.lang.invoke.DirectMethodHandle$Holder.invokeStatic(java.lang.Object, java.lang.Object, int, java.lang.Object)'> (0x00000000eba2a238) 
thrown [s\src\hotspot\share\interpreter\linkResolver.cpp, line 759]
Event: 43.161 Thread 0x00000168de8c39d0 Exception <a 'java/lang/NoSuchMethodError'{0x00000000eba31890}: 'java.lang.Object java.lang.invoke.DirectMethodHandle$Holder.newInvokeSpecial(java.lang.Object, java.lang.Object, int)'> (0x00000000eba31890) 
thrown [s\src\hotspot\share\interpreter\linkResolver.cpp, line 759]
Event: 43.182 Thread 0x00000168df066be0 Exception <a 'sun/nio/fs/WindowsException'{0x00000000eab39c98}> (0x00000000eab39c98) 
thrown [s\src\hotspot\share\prims\jni.cpp, line 516]
Event: 43.194 Thread 0x00000168df066be0 Exception <a 'sun/nio/fs/WindowsException'{0x00000000eab6b880}> (0x00000000eab6b880) 
thrown [s\src\hotspot\share\prims\jni.cpp, line 516]
Event: 43.368 Thread 0x00000168df06b2c0 Exception <a 'java/io/FileNotFoundException'{0x00000000eb135a68}> (0x00000000eb135a68) 
thrown [s\src\hotspot\share\prims\jni.cpp, line 516]
Event: 43.460 Thread 0x00000168de8c2fb0 Exception <a 'java/lang/NoSuchMethodError'{0x00000000eab1dc80}: 'java.lang.Object java.lang.invoke.DirectMethodHandle$Holder.newInvokeSpecial(java.lang.Object, java.lang.Object, java.lang.Object, java.lang.Object, java.lang.Object, java.lang.Object)'> (0x00000000eab1dc80) 
thrown [s\src\hotspot\share\interpreter\linkResolver.cpp, line 759]
Event: 43.514 Thread 0x00000168de8c39d0 Exception <a 'java/io/FileNotFoundException'{0x00000000eade7988}> (0x00000000eade7988) 
thrown [s\src\hotspot\share\prims\jni.cpp, line 516]
Event: 43.514 Thread 0x00000168de8c2fb0 Exception <a 'java/io/FileNotFoundException'{0x00000000eaddebf8}> (0x00000000eaddebf8) 
thrown [s\src\hotspot\share\prims\jni.cpp, line 516]
Event: 43.514 Thread 0x00000168de8c39d0 Exception <a 'java/io/FileNotFoundException'{0x00000000eade89b8}> (0x00000000eade89b8) 
thrown [s\src\hotspot\share\prims\jni.cpp, line 516]
Event: 43.515 Thread 0x00000168de8c2fb0 Exception <a 'java/io/FileNotFoundException'{0x00000000eae0b670}> (0x00000000eae0b670) 
thrown [s\src\hotspot\share\prims\jni.cpp, line 516]
Event: 44.152 Thread 0x00000168df068f50 Exception <a 'java/lang/NoSuchMethodError'{0x00000000eb958ca0}: 'int java.lang.invoke.DirectMethodHandle$Holder.invokeStatic(java.lang.Object)'> (0x00000000eb958ca0) 
thrown [s\src\hotspot\share\interpreter\linkResolver.cpp, line 759]
Event: 44.159 Thread 0x00000168df068f50 Exception <a 'java/lang/NoSuchMethodError'{0x00000000eb96ef30}: 'java.lang.Object java.lang.invoke.DirectMethodHandle$Holder.newInvokeSpecial(java.lang.Object, java.lang.Object, java.lang.Object, int)'> (0x00000000eb96ef30) 
thrown [s\src\hotspot\share\interpreter\linkResolver.cpp, line 759]
Event: 44.160 Thread 0x00000168df068f50 Exception <a 'java/lang/NoSuchMethodError'{0x00000000eb9732b8}: 'java.lang.Object java.lang.invoke.DirectMethodHandle$Holder.invokeSpecial(java.lang.Object, java.lang.Object, java.lang.Object, java.lang.Object, int)'> (0x00000000eb9732b8) 
thrown [s\src\hotspot\share\interpreter\linkResolver.cpp, line 759]
Event: 44.160 Thread 0x00000168df068f50 Exception <a 'java/lang/NoSuchMethodError'{0x00000000eb9769c0}: 'java.lang.Object java.lang.invoke.Invokers$Holder.linkToTargetMethod(java.lang.Object, java.lang.Object, int, java.lang.Object)'> (0x00000000eb9769c0) 
thrown [s\src\hotspot\share\interpreter\linkResolver.cpp, line 759]
Event: 44.209 Thread 0x00000168df068f50 Exception <a 'sun/nio/fs/WindowsException'{0x00000000eabcee50}> (0x00000000eabcee50) 
thrown [s\src\hotspot\share\prims\jni.cpp, line 516]
Event: 45.110 Thread 0x00000168df068f50 Exception <a 'sun/nio/fs/WindowsException'{0x00000000eac409f8}> (0x00000000eac409f8) 
thrown [s\src\hotspot\share\prims\jni.cpp, line 516]

VM Operations (20 events):
Event: 43.318 Executing VM operation: HandshakeAllThreads done
Event: 43.447 Executing VM operation: ParallelGCFailedAllocation
Event: 43.454 Executing VM operation: ParallelGCFailedAllocation done
Event: 43.475 Executing VM operation: HandshakeAllThreads
Event: 43.476 Executing VM operation: HandshakeAllThreads done
Event: 43.523 Executing VM operation: HandshakeAllThreads
Event: 43.524 Executing VM operation: HandshakeAllThreads done
Event: 43.708 Executing VM operation: ParallelGCFailedAllocation
Event: 43.742 Executing VM operation: ParallelGCFailedAllocation done
Event: 44.087 Executing VM operation: HandshakeAllThreads
Event: 44.087 Executing VM operation: HandshakeAllThreads done
Event: 44.175 Executing VM operation: ParallelGCFailedAllocation
Event: 44.178 Executing VM operation: ParallelGCFailedAllocation done
Event: 45.085 Executing VM operation: ParallelGCFailedAllocation
Event: 45.088 Executing VM operation: ParallelGCFailedAllocation done
Event: 45.100 Executing VM operation: HandshakeAllThreads
Event: 45.101 Executing VM operation: HandshakeAllThreads done
Event: 45.102 Executing VM operation: HandshakeAllThreads
Event: 45.102 Executing VM operation: HandshakeAllThreads done
Event: 45.396 Executing VM operation: HandshakeAllThreads

Events (20 events):
Event: 43.220 loading class java/util/concurrent/CompletableFuture$UniExceptionally done
Event: 43.262 Thread 0x00000168df06d630 Thread added: 0x00000168df06d630
Event: 43.267 loading class java/util/Hashtable$KeySet
Event: 43.267 loading class java/util/Hashtable$KeySet done
Event: 43.659 loading class java/util/regex/Pattern$1
Event: 43.659 loading class java/util/regex/Pattern$1 done
Event: 44.014 loading class java/util/concurrent/CompletionException
Event: 44.014 loading class java/util/concurrent/CompletionException done
Event: 44.082 loading class java/util/HashMap$ValueSpliterator
Event: 44.083 loading class java/util/HashMap$ValueSpliterator done
Event: 44.090 loading class java/util/zip/CheckedInputStream
Event: 44.091 loading class java/util/zip/CheckedInputStream done
Event: 44.211 loading class java/util/stream/ReduceOps$2
Event: 44.227 loading class java/util/stream/ReduceOps$2 done
Event: 44.227 loading class java/util/stream/ReduceOps$2ReducingSink
Event: 44.227 loading class java/util/stream/ReduceOps$2ReducingSink done
Event: 45.176 loading class java/util/LinkedList$LLSpliterator
Event: 45.177 loading class java/util/LinkedList$LLSpliterator done
Event: 45.191 loading class javax/xml/transform/TransformerConfigurationException
Event: 45.191 loading class javax/xml/transform/TransformerConfigurationException done


Dynamic libraries:
0x00007ff6ab440000 - 0x00007ff6ab44e000 	c:\Users\Admin\.vscode\extensions\redhat.java-1.25.0-win32-x64\jre\17.0.9-win32-x86_64\bin\java.exe
0x00007ffe11010000 - 0x00007ffe11208000 	C:\WINDOWS\SYSTEM32\ntdll.dll
0x00007ffe10db0000 - 0x00007ffe10e6d000 	C:\WINDOWS\System32\KERNEL32.DLL
0x00007ffe0e6f0000 - 0x00007ffe0e9e6000 	C:\WINDOWS\System32\KERNELBASE.dll
0x00007ffe0e9f0000 - 0x00007ffe0eaf0000 	C:\WINDOWS\System32\ucrtbase.dll
0x00007ffe05a90000 - 0x00007ffe05aa7000 	c:\Users\Admin\.vscode\extensions\redhat.java-1.25.0-win32-x64\jre\17.0.9-win32-x86_64\bin\jli.dll
0x00007ffe0f1d0000 - 0x00007ffe0f36e000 	C:\WINDOWS\System32\USER32.dll
0x00007ffe0eea0000 - 0x00007ffe0eec2000 	C:\WINDOWS\System32\win32u.dll
0x00007ffe10e70000 - 0x00007ffe10e9c000 	C:\WINDOWS\System32\GDI32.dll
0x00007ffe0ef00000 - 0x00007ffe0f01a000 	C:\WINDOWS\System32\gdi32full.dll
0x00007ffe0ed90000 - 0x00007ffe0ee2d000 	C:\WINDOWS\System32\msvcp_win.dll
0x00007ffdfe290000 - 0x00007ffdfe2ab000 	c:\Users\Admin\.vscode\extensions\redhat.java-1.25.0-win32-x64\jre\17.0.9-win32-x86_64\bin\VCRUNTIME140.dll
0x00007ffdfa480000 - 0x00007ffdfa71a000 	C:\WINDOWS\WinSxS\amd64_microsoft.windows.common-controls_6595b64144ccf1df_6.0.19041.3636_none_60b6a03d71f818d5\COMCTL32.dll
0x00007ffe104f0000 - 0x00007ffe1058e000 	C:\WINDOWS\System32\msvcrt.dll
0x00007ffe0f1a0000 - 0x00007ffe0f1d0000 	C:\WINDOWS\System32\IMM32.DLL
0x00007ffddc180000 - 0x00007ffddc1d1000 	C:\Program Files (x86)\K7 Computing\K7TSecurity\K7CrvrEx64.dll
0x00007ffe0fac0000 - 0x00007ffe0fb6f000 	C:\WINDOWS\System32\ADVAPI32.dll
0x00007ffe0fd60000 - 0x00007ffe0fdfc000 	C:\WINDOWS\System32\sechost.dll
0x00007ffe10ea0000 - 0x00007ffe10fc6000 	C:\WINDOWS\System32\RPCRT4.dll
0x00007ffe07320000 - 0x00007ffe0732c000 	c:\Users\Admin\.vscode\extensions\redhat.java-1.25.0-win32-x64\jre\17.0.9-win32-x86_64\bin\vcruntime140_1.dll
0x00007ffddcbb0000 - 0x00007ffddcc3d000 	c:\Users\Admin\.vscode\extensions\redhat.java-1.25.0-win32-x64\jre\17.0.9-win32-x86_64\bin\msvcp140.dll
0x00007ffd95650000 - 0x00007ffd962b1000 	c:\Users\Admin\.vscode\extensions\redhat.java-1.25.0-win32-x64\jre\17.0.9-win32-x86_64\bin\server\jvm.dll
0x00007ffe0e550000 - 0x00007ffe0e59b000 	C:\WINDOWS\SYSTEM32\POWRPROF.dll
0x00007ffdf94f0000 - 0x00007ffdf94f9000 	C:\WINDOWS\SYSTEM32\WSOCK32.dll
0x00007ffe0fcf0000 - 0x00007ffe0fd5b000 	C:\WINDOWS\System32\WS2_32.dll
0x00007ffdf94c0000 - 0x00007ffdf94e7000 	C:\WINDOWS\SYSTEM32\WINMM.dll
0x00007ffe02ae0000 - 0x00007ffe02aea000 	C:\WINDOWS\SYSTEM32\VERSION.dll
0x00007ffe0e530000 - 0x00007ffe0e542000 	C:\WINDOWS\SYSTEM32\UMPDC.dll
0x00007ffe0cf00000 - 0x00007ffe0cf12000 	C:\WINDOWS\SYSTEM32\kernel.appcore.dll
0x00007ffe07050000 - 0x00007ffe0705a000 	c:\Users\Admin\.vscode\extensions\redhat.java-1.25.0-win32-x64\jre\17.0.9-win32-x86_64\bin\jimage.dll
0x00007ffe0c420000 - 0x00007ffe0c604000 	C:\WINDOWS\SYSTEM32\DBGHELP.DLL
0x00007ffdf5830000 - 0x00007ffdf5864000 	C:\WINDOWS\SYSTEM32\dbgcore.DLL
0x00007ffe0ec50000 - 0x00007ffe0ecd2000 	C:\WINDOWS\System32\bcryptPrimitives.dll
0x00007ffe06d40000 - 0x00007ffe06d4e000 	c:\Users\Admin\.vscode\extensions\redhat.java-1.25.0-win32-x64\jre\17.0.9-win32-x86_64\bin\instrument.dll
0x00007ffde7a40000 - 0x00007ffde7a65000 	c:\Users\Admin\.vscode\extensions\redhat.java-1.25.0-win32-x64\jre\17.0.9-win32-x86_64\bin\java.dll
0x00007ffdfb0d0000 - 0x00007ffdfb0e8000 	c:\Users\Admin\.vscode\extensions\redhat.java-1.25.0-win32-x64\jre\17.0.9-win32-x86_64\bin\zip.dll
0x00007ffe10600000 - 0x00007ffe10d44000 	C:\WINDOWS\System32\SHELL32.dll
0x00007ffe0c750000 - 0x00007ffe0ceeb000 	C:\WINDOWS\SYSTEM32\windows.storage.dll
0x00007ffe0f760000 - 0x00007ffe0fab4000 	C:\WINDOWS\System32\combase.dll
0x00007ffe0df80000 - 0x00007ffe0dfad000 	C:\WINDOWS\SYSTEM32\Wldp.dll
0x00007ffe0f070000 - 0x00007ffe0f11d000 	C:\WINDOWS\System32\SHCORE.dll
0x00007ffe0f550000 - 0x00007ffe0f5a5000 	C:\WINDOWS\System32\shlwapi.dll
0x00007ffe0e620000 - 0x00007ffe0e645000 	C:\WINDOWS\SYSTEM32\profapi.dll
0x00007ffdf5610000 - 0x00007ffdf5629000 	C:\Users\Admin\.vscode\extensions\redhat.java-1.25.0-win32-x64\jre\17.0.9-win32-x86_64\bin\net.dll
0x00007ffdff400000 - 0x00007ffdff50a000 	C:\WINDOWS\SYSTEM32\WINHTTP.dll
0x00007ffe0dd60000 - 0x00007ffe0ddca000 	C:\WINDOWS\system32\mswsock.dll
0x00007ffdf3db0000 - 0x00007ffdf3dc6000 	C:\Users\Admin\.vscode\extensions\redhat.java-1.25.0-win32-x64\jre\17.0.9-win32-x86_64\bin\nio.dll
0x00007ffe06b70000 - 0x00007ffe06b80000 	c:\Users\Admin\.vscode\extensions\redhat.java-1.25.0-win32-x64\jre\17.0.9-win32-x86_64\bin\verify.dll
0x00007ffdda530000 - 0x00007ffdda56e000 	C:\Users\Admin\AppData\Roaming\Code\User\globalStorage\redhat.java\1.25.0\config_win\org.eclipse.equinox.launcher\org.eclipse.equinox.launcher.win32.win32.x86_64_1.2.800.v20231003-1442\eclipse_11802.dll
0x00007ffe0f420000 - 0x00007ffe0f54b000 	C:\WINDOWS\System32\ole32.dll
0x00007ffe0dfc0000 - 0x00007ffe0dfd8000 	C:\WINDOWS\SYSTEM32\CRYPTSP.dll
0x00007ffe0d6b0000 - 0x00007ffe0d6e4000 	C:\WINDOWS\system32\rsaenh.dll
0x00007ffe0eed0000 - 0x00007ffe0eef7000 	C:\WINDOWS\System32\bcrypt.dll
0x00007ffe0e5a0000 - 0x00007ffe0e5ce000 	C:\WINDOWS\SYSTEM32\USERENV.dll
0x00007ffe0def0000 - 0x00007ffe0defc000 	C:\WINDOWS\SYSTEM32\CRYPTBASE.dll
0x00007ffe0da70000 - 0x00007ffe0daab000 	C:\WINDOWS\SYSTEM32\IPHLPAPI.DLL
0x00007ffe105f0000 - 0x00007ffe105f8000 	C:\WINDOWS\System32\NSI.dll
0x00007ffdfcee0000 - 0x00007ffdfcef7000 	C:\WINDOWS\SYSTEM32\dhcpcsvc6.DLL
0x00007ffdfee70000 - 0x00007ffdfee8d000 	C:\WINDOWS\SYSTEM32\dhcpcsvc.DLL
0x00007ffe0dab0000 - 0x00007ffe0db7a000 	C:\WINDOWS\SYSTEM32\DNSAPI.dll
0x00007ffdf26b0000 - 0x00007ffdf26f5000 	C:\Users\Admin\AppData\Local\Temp\jna-63116079\jna16475943825883896611.dll
0x00007ffe0fc00000 - 0x00007ffe0fc08000 	C:\WINDOWS\System32\PSAPI.DLL

dbghelp: loaded successfully - version: 4.0.5 - missing functions: none
symbol engine: initialized successfully - sym options: 0x614 - pdb path: .;c:\Users\Admin\.vscode\extensions\redhat.java-1.25.0-win32-x64\jre\17.0.9-win32-x86_64\bin;C:\WINDOWS\SYSTEM32;C:\WINDOWS\WinSxS\amd64_microsoft.windows.common-controls_6595b64144ccf1df_6.0.19041.3636_none_60b6a03d71f818d5;C:\Program Files (x86)\K7 Computing\K7TSecurity;c:\Users\Admin\.vscode\extensions\redhat.java-1.25.0-win32-x64\jre\17.0.9-win32-x86_64\bin\server;C:\Users\Admin\AppData\Roaming\Code\User\globalStorage\redhat.java\1.25.0\config_win\org.eclipse.equinox.launcher\org.eclipse.equinox.launcher.win32.win32.x86_64_1.2.800.v20231003-1442;C:\Users\Admin\AppData\Local\Temp\jna-63116079

VM Arguments:
jvm_args: --add-modules=ALL-SYSTEM --add-opens=java.base/java.util=ALL-UNNAMED --add-opens=java.base/java.lang=ALL-UNNAMED --add-opens=java.base/sun.nio.fs=ALL-UNNAMED -Declipse.application=org.eclipse.jdt.ls.core.id1 -Dosgi.bundles.defaultStartLevel=4 -Declipse.product=org.eclipse.jdt.ls.core.product -Djava.import.generatesMetadataFilesAtProjectRoot=false -DDetectVMInstallationsJob.disabled=true -Dfile.encoding=utf8 -XX:+UseParallelGC -XX:GCTimeRatio=4 -XX:AdaptiveSizePolicyWeight=90 -Dsun.zip.disableMemoryMapping=true -Xmx1G -Xms100m -Xlog:disable -javaagent:c:\Users\Admin\.vscode\extensions\redhat.java-1.25.0-win32-x64\lombok\lombok-1.18.30.jar -XX:+HeapDumpOnOutOfMemoryError -XX:HeapDumpPath=c:\Users\Admin\AppData\Roaming\Code\User\workspaceStorage\d1f67dd4b17d30c12c4695da066b239a\redhat.java -Daether.dependencyCollector.impl=bf 
java_command: c:\Users\Admin\.vscode\extensions\redhat.java-1.25.0-win32-x64\server\plugins\org.eclipse.equinox.launcher_1.6.600.v20231012-1237.jar -configuration c:\Users\Admin\AppData\Roaming\Code\User\globalStorage\redhat.java\1.25.0\config_win -data c:\Users\Admin\AppData\Roaming\Code\User\workspaceStorage\d1f67dd4b17d30c12c4695da066b239a\redhat.java\jdt_ws --stdio
java_class_path (initial): c:\Users\Admin\.vscode\extensions\redhat.java-1.25.0-win32-x64\server\plugins\org.eclipse.equinox.launcher_1.6.600.v20231012-1237.jar
Launcher Type: SUN_STANDARD

[Global flags]
    uintx AdaptiveSizePolicyWeight                 = 90                                        {product} {command line}
     intx CICompilerCount                          = 3                                         {product} {ergonomic}
    uintx GCTimeRatio                              = 4                                         {product} {command line}
     bool HeapDumpOnOutOfMemoryError               = true                                   {manageable} {command line}
    ccstr HeapDumpPath                             = c:\Users\Admin\AppData\Roaming\Code\User\workspaceStorage\d1f67dd4b17d30c12c4695da066b239a\redhat.java         {manageable} {command line}
   size_t InitialHeapSize                          = 104857600                                 {product} {command line}
   size_t MaxHeapSize                              = 1073741824                                {product} {command line}
   size_t MaxNewSize                               = 357564416                                 {product} {ergonomic}
   size_t MinHeapDeltaBytes                        = 524288                                    {product} {ergonomic}
   size_t MinHeapSize                              = 104857600                                 {product} {command line}
   size_t NewSize                                  = 34603008                                  {product} {ergonomic}
    uintx NonNMethodCodeHeapSize                   = 5832780                                {pd product} {ergonomic}
    uintx NonProfiledCodeHeapSize                  = 122912730                              {pd product} {ergonomic}
   size_t OldSize                                  = 70254592                                  {product} {ergonomic}
    uintx ProfiledCodeHeapSize                     = 122912730                              {pd product} {ergonomic}
    uintx ReservedCodeCacheSize                    = 251658240                              {pd product} {ergonomic}
     bool SegmentedCodeCache                       = true                                      {product} {ergonomic}
   size_t SoftMaxHeapSize                          = 1073741824                             {manageable} {ergonomic}
     bool UseCompressedClassPointers               = true                           {product lp64_product} {ergonomic}
     bool UseCompressedOops                        = true                           {product lp64_product} {ergonomic}
     bool UseLargePagesIndividualAllocation        = false                                  {pd product} {ergonomic}
     bool UseParallelGC                            = true                                      {product} {command line}

Logging:
Log output configuration:
 #0: stdout all=off uptime,level,tags
 #1: stderr all=off uptime,level,tags

Environment Variables:
PATH=F:\Java_JDK\bin;C:\WINDOWS\system32;C:\WINDOWS;C:\WINDOWS\System32\Wbem;C:\WINDOWS\System32\WindowsPowerShell\v1.0\;C:\WINDOWS\System32\OpenSSH\;C:\Program Files\Microsoft SQL Server\150\Tools\Binn\;C:\Program Files\Microsoft SQL Server\Client SDK\ODBC\170\Tools\Binn\;C:\Program Files\dotnet\;C:\Users\Admin\Downloads\php-8.2.7-Win32-vs16-x64;C:\ProgramData\chocolatey\bin;C:\Program Files\Docker\Docker\resources\bin;F:\;F:\PuttyFile\;C:\Users\Admin\Downloads\OpenSSH-Win64\OpenSSH-Win64;F:\My_Python_downloads\Scripts\;F:\My_Python_downloads\;C:\Program Files\MySQL\MySQL Shell 8.0\bin\;C:\Users\Admin\AppData\Local\Microsoft\WindowsApps;C:\Users\Admin\.dotnet\tools;C:\Users\Admin\AppData\Local\Programs\Microsoft VS Code\bin;C:\Users\Admin\AppData\Roaming\npm;F:\Java_JDK;
USERNAME=Admin
OS=Windows_NT
PROCESSOR_IDENTIFIER=Intel64 Family 6 Model 142 Stepping 9, GenuineIntel
TMP=C:\Users\Admin\AppData\Local\Temp
TEMP=C:\Users\Admin\AppData\Local\Temp



Periodic native trim disabled


---------------  S Y S T E M  ---------------

OS:
 Windows 10 , 64 bit Build 19041 (10.0.19041.3636)
OS uptime: 2 days 6:31 hours
Hyper-V role detected

CPU: total 4 (initial active 4) (2 cores per cpu, 2 threads per core) family 6 model 142 stepping 9 microcode 0xb4, cx8, cmov, fxsr, ht, mmx, 3dnowpref, sse, sse2, sse3, ssse3, sse4.1, sse4.2, popcnt, lzcnt, tsc, tscinvbit, avx, avx2, aes, erms, clmul, bmi1, bmi2, adx, fma, vzeroupper, clflush, clflushopt, hv
Processor Information for all 4 processors :
  Max Mhz: 2400, Current Mhz: 2400, Mhz Limit: 2400

Memory: 4k page, system-wide physical 3965M (236M free)
TotalPageFile size 7931M (AvailPageFile size 1699M)
current process WorkingSet (physical memory assigned to process): 231M, peak: 232M
current process commit charge ("private bytes"): 284M, peak: 285M

vm_info: OpenJDK 64-Bit Server VM (17.0.9+9) for windows-amd64 JRE (17.0.9+9), built on Oct 26 2023 14:01:42 by "admin" with MS VC++ 16.10 / 16.11 (VS2019)

END.
